<?xml version="1.0" encoding="UTF-8"?>
<testng-results ignored="0" total="1" passed="1" failed="0" skipped="0">
  <reporter-output>
  </reporter-output>
  <suite started-at="2020-09-03T21:36:45Z" name="SmokeTestSuite" finished-at="2020-09-03T21:37:02Z" duration-ms="17345">
    <groups>
    </groups>
    <test started-at="2020-09-03T21:36:45Z" name="homePageTest" finished-at="2020-09-03T21:37:02Z" duration-ms="17345">
      <class name="com.kannikawebpage.openpagetests.OpenPageTests">
        <test-method is-config="true" signature="setUp(java.lang.reflect.Method, java.lang.String, org.testng.ITestContext)[pri:0, instance:com.kannikawebpage.openpagetests.OpenPageTests@69453e37]" started-at="2020-09-03T21:36:45Z" name="setUp" finished-at="2020-09-03T21:36:51Z" duration-ms="5911" status="PASS">
          <params>
            <param index="0">
              <value>
                <![CDATA[public void com.kannikawebpage.openpagetests.OpenPageTests.homePageTest()]]>
              </value>
            </param>
            <param index="1">
              <value>
                <![CDATA[chrome]]>
              </value>
            </param>
            <param index="2">
              <value>
                <![CDATA[org.testng.TestRunner@6e91893]]>
              </value>
            </param>
          </params>
          <reporter-output>
          </reporter-output>
        </test-method> <!-- setUp -->
        <test-method signature="homePageTest()[pri:0, instance:com.kannikawebpage.openpagetests.OpenPageTests@69453e37]" started-at="2020-09-03T21:36:51Z" name="homePageTest" finished-at="2020-09-03T21:37:02Z" duration-ms="10813" status="PASS">
          <reporter-output>
          </reporter-output>
        </test-method> <!-- homePageTest -->
        <test-method is-config="true" signature="tearDown()[pri:0, instance:com.kannikawebpage.openpagetests.OpenPageTests@69453e37]" started-at="2020-09-03T21:37:02Z" name="tearDown" finished-at="2020-09-03T21:37:02Z" duration-ms="600" status="PASS">
          <reporter-output>
          </reporter-output>
        </test-method> <!-- tearDown -->
      </class> <!-- com.kannikawebpage.openpagetests.OpenPageTests -->
    </test> <!-- homePageTest -->
  </suite> <!-- SmokeTestSuite -->
</testng-results>
